0 info it worked if it ends with ok
1 verbose cli [ '/home/ubuntu/.nvm/versions/node/v6.11.0/bin/node',
1 verbose cli   '/home/ubuntu/.nvm/versions/node/v6.11.0/bin/npm',
1 verbose cli   'start' ]
2 info using npm@3.10.10
3 info using node@v6.11.0
4 verbose stack Error: Invalid version: "/?"
4 verbose stack     at Object.fixVersionField (/home/ubuntu/.nvm/versions/node/v6.11.0/lib/node_modules/npm/node_modules/normalize-package-data/lib/fixer.js:191:13)
4 verbose stack     at /home/ubuntu/.nvm/versions/node/v6.11.0/lib/node_modules/npm/node_modules/normalize-package-data/lib/normalize.js:32:38
4 verbose stack     at Array.forEach (native)
4 verbose stack     at normalize (/home/ubuntu/.nvm/versions/node/v6.11.0/lib/node_modules/npm/node_modules/normalize-package-data/lib/normalize.js:31:15)
4 verbose stack     at final (/home/ubuntu/.nvm/versions/node/v6.11.0/lib/node_modules/npm/node_modules/read-package-json/read-json.js:349:5)
4 verbose stack     at then (/home/ubuntu/.nvm/versions/node/v6.11.0/lib/node_modules/npm/node_modules/read-package-json/read-json.js:124:5)
4 verbose stack     at /home/ubuntu/.nvm/versions/node/v6.11.0/lib/node_modules/npm/node_modules/read-package-json/read-json.js:311:12
4 verbose stack     at /home/ubuntu/.nvm/versions/node/v6.11.0/lib/node_modules/npm/node_modules/graceful-fs/graceful-fs.js:78:16
4 verbose stack     at tryToString (fs.js:456:3)
4 verbose stack     at FSReqWrap.readFileAfterClose [as oncomplete] (fs.js:443:12)
5 verbose cwd /home/ubuntu/workspace
6 error Linux 4.9.17-c9
7 error argv "/home/ubuntu/.nvm/versions/node/v6.11.0/bin/node" "/home/ubuntu/.nvm/versions/node/v6.11.0/bin/npm" "start"
8 error node v6.11.0
9 error npm  v3.10.10
10 error Invalid version: "/?"
11 error If you need help, you may report this error at:
11 error     <https://github.com/npm/npm/issues>
12 verbose exit [ 1, true ]
